21:25:05.508 [JavaFX Application Thread] DEBUG GameApplication      - Logger initialized
21:25:05.518 [JavaFX Application Thread] DEBUG MainWindow           - Creating a JavaFX scene
21:25:05.706 [JavaFX Application Thread] DEBUG MainWindow           - Target settings size: 1050.0 x 700.0
21:25:05.706 [JavaFX Application Thread] DEBUG MainWindow           - Scaled scene size:    1050.0 x 700.0
21:25:05.706 [JavaFX Application Thread] DEBUG MainWindow           - Scaled ratio: (1.0, 1.0)
21:25:06.251 [JavaFX Application Thread] DEBUG GameApplication      - Starting FXGL
21:25:06.252 [JavaFX Application Thread] INFO  Version              - FXGL-0.4.1
21:25:06.252 [JavaFX Application Thread] INFO  Version              - Source code and latest versions at: https://github.com/AlmasB/FXGL
21:25:06.252 [JavaFX Application Thread] INFO  Version              -              Join the FXGL chat at: https://gitter.im/AlmasB/FXGL
21:25:06.486 [FXGL Launcher Thread     ] DEBUG FXGL                 - Loading FXGL system data
21:25:06.500 [FXGL Launcher Thread     ] DEBUG IOTask               - Executing task: readDataTask(system/fxgl.bundle)
21:25:06.557 [FXGL Launcher Thread     ] DEBUG FS                   - Reading from: system/fxgl.bundle
21:25:06.585 [FXGL Launcher Thread     ] DEBUG IOTask               - Task succeeded: readDataTask(system/fxgl.bundle)
21:25:06.586 [FXGL Launcher Thread     ] DEBUG Bundle               - Logging bundle: FXGL
21:25:06.591 [FXGL Launcher Thread     ] DEBUG Bundle               - FXGL.offline.timer.version.check=2018-02-02T12:28:21.879
21:25:06.592 [FXGL Launcher Thread     ] DEBUG GameApplication      - FXGL configuration complete
21:25:06.594 [FXGL Launcher Thread     ] INFO  GameApplication      - FXGL configuration took:  0.339 sec
21:25:06.594 [FXGL Launcher Thread     ] DEBUG GameApplication      - Logging game settings
Title: TiledMapPlatformer
Version: 
Width: 1050
Height: 700
Fullscreen: true
Intro: false
Menus: false
Profiling: false
Single step:false
App Mode: DEVELOPER
Menu Key: ESCAPE
Stage Style: DECORATED
Scene Factory: class com.almasb.fxgl.scene.SceneFactory
Dialog Factory: class com.almasb.fxgl.ui.FXGLDialogFactory
UI Factory: class com.almasb.fxgl.ui.FXGLUIFactory
Notification Service: class com.almasb.fxgl.gameplay.notification.XboxNotificationView
Exception Handler: class com.almasb.fxgl.app.FXGLExceptionHandler
21:25:06.603 [FXGL Launcher Thread     ] DEBUG GameApplication      - Configuring GameApplication
21:25:06.616 [FXGL Launcher Thread     ] DEBUG AppStateMachine      - Initializing application states
21:25:06.656 [FXGL Launcher Thread     ] DEBUG AssetLoader          - Loading from disk: /assets/ui/cursors/fxgl_default.png
21:25:06.724 [FXGL Launcher Thread     ] DEBUG AssetLoader          - Loading from disk: /assets/ui/cursors/fxgl_default.png
21:25:06.744 [FXGL Launcher Thread     ] DEBUG AssetLoader          - Loading from disk: /assets/sounds/core/notification.wav
21:25:06.849 [FXGL Launcher Thread     ] DEBUG AssetLoader          - Loading from disk: /assets/sounds/menu/select.wav
21:25:06.851 [FXGL Launcher Thread     ] DEBUG AssetLoader          - Loading from disk: /assets/sounds/menu/back.wav
21:25:06.852 [FXGL Launcher Thread     ] DEBUG AssetLoader          - Loading from disk: /assets/sounds/menu/press.wav
21:25:06.855 [FXGL Launcher Thread     ] DEBUG AssetLoader          - Loading from disk: /assets/ui/fonts/VarelaRound-Regular.ttf
21:25:06.878 [FXGL Launcher Thread     ] DEBUG AssetLoader          - Loading from disk: /assets/ui/fonts/lucida_console.ttf
21:25:06.883 [FXGL Launcher Thread     ] DEBUG AssetLoader          - Loading from disk: /assets/ui/css/fxgl_dark.css
21:25:06.884 [FXGL Launcher Thread     ] DEBUG AssetLoader          - Loading from disk: /assets/ui/icons/fxgl_icon.png
21:25:06.910 [FXGL Launcher Thread     ] DEBUG AssetLoader          - Loading from disk: /assets/ui/cursors/fxgl_default.png
21:25:06.963 [FXGL Launcher Thread     ] DEBUG FXGL.GameScene       - Game scene initialized: 1050x700
21:25:06.968 [FXGL Launcher Thread     ] DEBUG FXGL.GameWorld       - Game world initialized
21:25:07.059 [FXGL Launcher Thread     ] DEBUG FXGL.PhysicsWorld    - Physics world initialized: appHeight=700, physics.ppm=50.0
21:25:07.086 [FXGL Launcher Thread     ] DEBUG Input                - Registered new binding: Pause - Esc
21:25:07.113 [FXGL Launcher Thread     ] INFO  GameApplication      - Game configuration took:  0.510 sec
21:25:07.117 [JavaFX Application Thread] DEBUG MainWindow           - Opening main window
21:25:07.197 [JavaFX Application Thread] DEBUG MainWindow           - Window border size: (0.0, 22.0)
21:25:07.197 [JavaFX Application Thread] DEBUG MainWindow           - Scaled size: 1050.0 x 700.0
21:25:07.197 [JavaFX Application Thread] DEBUG MainWindow           - Scaled ratio: (1.0, 1.0)
21:25:07.197 [JavaFX Application Thread] DEBUG MainWindow           - Scene size: 1050.0 x 700.0
21:25:07.197 [JavaFX Application Thread] DEBUG MainWindow           - Stage size: 1050.0 x 722.0
21:25:07.198 [JavaFX Application Thread] DEBUG GameApplication      - Running preInit()
21:25:07.200 [JavaFX Application Thread] DEBUG AnnotationParser     - Main app package name: tiled_platformer
21:25:07.336 [JavaFX Application Thread] DEBUG AnnotationParser     - @SetAchievementStore: []
21:25:07.337 [JavaFX Application Thread] DEBUG Input                - Registered new binding: Screenshot - P
21:25:07.338 [JavaFX Application Thread] DEBUG Input                - Registered new binding: Dev Options - CTRL+0
21:25:07.338 [JavaFX Application Thread] DEBUG Input                - Registered new binding: left - Left
21:25:07.339 [JavaFX Application Thread] DEBUG Input                - Registered new binding: right - Right
21:25:07.339 [JavaFX Application Thread] DEBUG Input                - Registered new binding: up - Up
21:25:07.380 [JavaFX Application Thread] DEBUG GameApplication      - Starting main loop
21:25:07.415 [JavaFX Application Thread] DEBUG StartupState         - STARTUP
21:25:07.416 [JavaFX Application Thread] DEBUG GameApplication      - Starting new game
21:25:07.416 [JavaFX Application Thread] DEBUG Input                - Clearing active input actions
21:25:07.416 [JavaFX Application Thread] DEBUG AppStateMachine      - StartupState -> LoadingState
21:25:07.459 [JavaFX Application Thread] DEBUG AnnotationParser     - Main app package name: tiled_platformer
21:25:07.459 [JavaFX Application Thread] DEBUG InitAppTask          - Parsing annotations
21:25:07.483 [JavaFX Application Thread] DEBUG AnnotationParser     - @AddCollisionHandler: []
21:25:07.483 [JavaFX Application Thread] DEBUG AnnotationParser     - @SetEntityFactory: [TiledPlatformerFactory]
21:25:07.483 [JavaFX Application Thread] DEBUG AnnotationParser     - @SetEventHandler: []
21:25:07.494 [FXGL Background Thread 1 ] DEBUG InitAppTask          - Clearing previous game
21:25:07.494 [FXGL Background Thread 1 ] DEBUG FXGL.GameWorld       - Clearing game world
21:25:07.495 [FXGL Background Thread 1 ] DEBUG FXGL.PhysicsWorld    - Clearing physics world
21:25:07.496 [FXGL Background Thread 1 ] DEBUG FXGL.GameScene       - Clearing game scene
21:25:07.496 [FXGL Background Thread 1 ] DEBUG InitAppTask          - Initializing Assets
21:25:07.498 [FXGL Background Thread 1 ] DEBUG InitAppTask          - Initializing Game
21:25:07.523 [FXGL Background Thread 1 ] DEBUG AssetLoader          - Loading from disk: /assets/json/NinjaPlatformerLevel3.json
21:25:07.988 [FXGL Background Thread 1 ] DEBUG FXGL.GameWorld       - Clearing removable entities
21:25:07.988 [FXGL Background Thread 1 ] DEBUG FXGL.GameWorld       - Setting level from map
21:25:08.040 [FXGL Background Thread 1 ] DEBUG AssetLoader          - Loading from disk: /assets/textures/tiledMap.png
21:25:08.064 [FXGL Background Thread 1 ] DEBUG AssetLoader          - Loading from cache: /assets/textures/tiledMap.png
21:25:08.064 [FXGL Background Thread 1 ] DEBUG AssetLoader          - Loading from cache: /assets/textures/tiledMap.png
21:25:08.065 [FXGL Background Thread 1 ] DEBUG AssetLoader          - Loading from cache: /assets/textures/tiledMap.png
21:25:08.065 [FXGL Background Thread 1 ] DEBUG AssetLoader          - Loading from cache: /assets/textures/tiledMap.png
21:25:08.065 [FXGL Background Thread 1 ] DEBUG AssetLoader          - Loading from cache: /assets/textures/tiledMap.png
21:25:08.065 [FXGL Background Thread 1 ] DEBUG AssetLoader          - Loading from cache: /assets/textures/tiledMap.png
21:25:08.066 [FXGL Background Thread 1 ] DEBUG AssetLoader          - Loading from cache: /assets/textures/tiledMap.png
21:25:08.066 [FXGL Background Thread 1 ] DEBUG AssetLoader          - Loading from cache: /assets/textures/tiledMap.png
21:25:08.066 [FXGL Background Thread 1 ] DEBUG AssetLoader          - Loading from cache: /assets/textures/tiledMap.png
21:25:08.066 [FXGL Background Thread 1 ] DEBUG AssetLoader          - Loading from cache: /assets/textures/tiledMap.png
21:25:08.067 [FXGL Background Thread 1 ] DEBUG AssetLoader          - Loading from cache: /assets/textures/tiledMap.png
21:25:08.067 [FXGL Background Thread 1 ] DEBUG AssetLoader          - Loading from cache: /assets/textures/tiledMap.png
21:25:08.067 [FXGL Background Thread 1 ] DEBUG AssetLoader          - Loading from cache: /assets/textures/tiledMap.png
21:25:08.067 [FXGL Background Thread 1 ] DEBUG AssetLoader          - Loading from cache: /assets/textures/tiledMap.png
21:25:08.067 [FXGL Background Thread 1 ] DEBUG AssetLoader          - Loading from cache: /assets/textures/tiledMap.png
21:25:08.068 [FXGL Background Thread 1 ] DEBUG AssetLoader          - Loading from cache: /assets/textures/tiledMap.png
21:25:08.068 [FXGL Background Thread 1 ] DEBUG AssetLoader          - Loading from cache: /assets/textures/tiledMap.png
21:25:08.068 [FXGL Background Thread 1 ] DEBUG AssetLoader          - Loading from cache: /assets/textures/tiledMap.png
21:25:08.068 [FXGL Background Thread 1 ] DEBUG AssetLoader          - Loading from cache: /assets/textures/tiledMap.png
21:25:08.069 [FXGL Background Thread 1 ] DEBUG AssetLoader          - Loading from cache: /assets/textures/tiledMap.png
21:25:08.069 [FXGL Background Thread 1 ] DEBUG AssetLoader          - Loading from cache: /assets/textures/tiledMap.png
21:25:08.069 [FXGL Background Thread 1 ] DEBUG AssetLoader          - Loading from cache: /assets/textures/tiledMap.png
21:25:08.069 [FXGL Background Thread 1 ] DEBUG AssetLoader          - Loading from cache: /assets/textures/tiledMap.png
21:25:08.070 [FXGL Background Thread 1 ] DEBUG AssetLoader          - Loading from cache: /assets/textures/tiledMap.png
21:25:08.070 [FXGL Background Thread 1 ] DEBUG AssetLoader          - Loading from cache: /assets/textures/tiledMap.png
21:25:08.070 [FXGL Background Thread 1 ] DEBUG AssetLoader          - Loading from cache: /assets/textures/tiledMap.png
21:25:08.070 [FXGL Background Thread 1 ] DEBUG AssetLoader          - Loading from cache: /assets/textures/tiledMap.png
21:25:08.071 [FXGL Background Thread 1 ] DEBUG AssetLoader          - Loading from cache: /assets/textures/tiledMap.png
21:25:08.071 [FXGL Background Thread 1 ] DEBUG AssetLoader          - Loading from cache: /assets/textures/tiledMap.png
21:25:08.071 [FXGL Background Thread 1 ] DEBUG AssetLoader          - Loading from cache: /assets/textures/tiledMap.png
21:25:08.072 [FXGL Background Thread 1 ] DEBUG AssetLoader          - Loading from cache: /assets/textures/tiledMap.png
21:25:08.072 [FXGL Background Thread 1 ] DEBUG AssetLoader          - Loading from cache: /assets/textures/tiledMap.png
21:25:08.072 [FXGL Background Thread 1 ] DEBUG AssetLoader          - Loading from cache: /assets/textures/tiledMap.png
21:25:08.073 [FXGL Background Thread 1 ] DEBUG AssetLoader          - Loading from cache: /assets/textures/tiledMap.png
21:25:08.073 [FXGL Background Thread 1 ] DEBUG AssetLoader          - Loading from cache: /assets/textures/tiledMap.png
21:25:08.073 [FXGL Background Thread 1 ] DEBUG AssetLoader          - Loading from cache: /assets/textures/tiledMap.png
21:25:08.073 [FXGL Background Thread 1 ] DEBUG AssetLoader          - Loading from cache: /assets/textures/tiledMap.png
21:25:08.073 [FXGL Background Thread 1 ] DEBUG AssetLoader          - Loading from cache: /assets/textures/tiledMap.png
21:25:08.073 [FXGL Background Thread 1 ] DEBUG AssetLoader          - Loading from cache: /assets/textures/tiledMap.png
21:25:08.074 [FXGL Background Thread 1 ] DEBUG AssetLoader          - Loading from cache: /assets/textures/tiledMap.png
21:25:08.074 [FXGL Background Thread 1 ] DEBUG AssetLoader          - Loading from cache: /assets/textures/tiledMap.png
21:25:08.074 [FXGL Background Thread 1 ] DEBUG AssetLoader          - Loading from cache: /assets/textures/tiledMap.png
21:25:08.074 [FXGL Background Thread 1 ] DEBUG AssetLoader          - Loading from cache: /assets/textures/tiledMap.png
21:25:08.074 [FXGL Background Thread 1 ] DEBUG AssetLoader          - Loading from cache: /assets/textures/tiledMap.png
21:25:08.074 [FXGL Background Thread 1 ] DEBUG AssetLoader          - Loading from cache: /assets/textures/tiledMap.png
21:25:08.075 [FXGL Background Thread 1 ] DEBUG AssetLoader          - Loading from cache: /assets/textures/tiledMap.png
21:25:08.075 [FXGL Background Thread 1 ] DEBUG AssetLoader          - Loading from cache: /assets/textures/tiledMap.png
21:25:08.075 [FXGL Background Thread 1 ] DEBUG AssetLoader          - Loading from cache: /assets/textures/tiledMap.png
21:25:08.076 [FXGL Background Thread 1 ] DEBUG AssetLoader          - Loading from cache: /assets/textures/tiledMap.png
21:25:08.076 [FXGL Background Thread 1 ] DEBUG AssetLoader          - Loading from cache: /assets/textures/tiledMap.png
21:25:08.076 [FXGL Background Thread 1 ] DEBUG AssetLoader          - Loading from cache: /assets/textures/tiledMap.png
21:25:08.076 [FXGL Background Thread 1 ] DEBUG AssetLoader          - Loading from cache: /assets/textures/tiledMap.png
21:25:08.076 [FXGL Background Thread 1 ] DEBUG AssetLoader          - Loading from cache: /assets/textures/tiledMap.png
21:25:08.077 [FXGL Background Thread 1 ] DEBUG AssetLoader          - Loading from cache: /assets/textures/tiledMap.png
21:25:08.077 [FXGL Background Thread 1 ] DEBUG AssetLoader          - Loading from cache: /assets/textures/tiledMap.png
21:25:08.077 [FXGL Background Thread 1 ] DEBUG AssetLoader          - Loading from cache: /assets/textures/tiledMap.png
21:25:08.077 [FXGL Background Thread 1 ] DEBUG AssetLoader          - Loading from cache: /assets/textures/tiledMap.png
21:25:08.078 [FXGL Background Thread 1 ] DEBUG AssetLoader          - Loading from cache: /assets/textures/tiledMap.png
21:25:08.078 [FXGL Background Thread 1 ] DEBUG AssetLoader          - Loading from cache: /assets/textures/tiledMap.png
21:25:08.078 [FXGL Background Thread 1 ] DEBUG AssetLoader          - Loading from cache: /assets/textures/tiledMap.png
21:25:08.079 [FXGL Background Thread 1 ] DEBUG AssetLoader          - Loading from cache: /assets/textures/tiledMap.png
21:25:08.079 [FXGL Background Thread 1 ] DEBUG AssetLoader          - Loading from cache: /assets/textures/tiledMap.png
21:25:08.079 [FXGL Background Thread 1 ] DEBUG AssetLoader          - Loading from cache: /assets/textures/tiledMap.png
21:25:08.079 [FXGL Background Thread 1 ] DEBUG AssetLoader          - Loading from cache: /assets/textures/tiledMap.png
21:25:08.080 [FXGL Background Thread 1 ] DEBUG AssetLoader          - Loading from cache: /assets/textures/tiledMap.png
21:25:08.080 [FXGL Background Thread 1 ] DEBUG AssetLoader          - Loading from cache: /assets/textures/tiledMap.png
21:25:08.080 [FXGL Background Thread 1 ] DEBUG AssetLoader          - Loading from cache: /assets/textures/tiledMap.png
21:25:08.080 [FXGL Background Thread 1 ] DEBUG AssetLoader          - Loading from cache: /assets/textures/tiledMap.png
21:25:08.080 [FXGL Background Thread 1 ] DEBUG AssetLoader          - Loading from cache: /assets/textures/tiledMap.png
21:25:08.080 [FXGL Background Thread 1 ] DEBUG AssetLoader          - Loading from cache: /assets/textures/tiledMap.png
21:25:08.080 [FXGL Background Thread 1 ] DEBUG AssetLoader          - Loading from cache: /assets/textures/tiledMap.png
21:25:08.081 [FXGL Background Thread 1 ] DEBUG AssetLoader          - Loading from cache: /assets/textures/tiledMap.png
21:25:08.081 [FXGL Background Thread 1 ] DEBUG AssetLoader          - Loading from cache: /assets/textures/tiledMap.png
21:25:08.081 [FXGL Background Thread 1 ] DEBUG AssetLoader          - Loading from cache: /assets/textures/tiledMap.png
21:25:08.081 [FXGL Background Thread 1 ] DEBUG AssetLoader          - Loading from cache: /assets/textures/tiledMap.png
21:25:08.081 [FXGL Background Thread 1 ] DEBUG AssetLoader          - Loading from cache: /assets/textures/tiledMap.png
21:25:08.081 [FXGL Background Thread 1 ] DEBUG AssetLoader          - Loading from cache: /assets/textures/tiledMap.png
21:25:08.081 [FXGL Background Thread 1 ] DEBUG AssetLoader          - Loading from cache: /assets/textures/tiledMap.png
21:25:08.082 [FXGL Background Thread 1 ] DEBUG AssetLoader          - Loading from cache: /assets/textures/tiledMap.png
21:25:08.082 [FXGL Background Thread 1 ] DEBUG AssetLoader          - Loading from cache: /assets/textures/tiledMap.png
21:25:08.082 [FXGL Background Thread 1 ] DEBUG AssetLoader          - Loading from cache: /assets/textures/tiledMap.png
21:25:08.082 [FXGL Background Thread 1 ] DEBUG AssetLoader          - Loading from cache: /assets/textures/tiledMap.png
21:25:08.082 [FXGL Background Thread 1 ] DEBUG AssetLoader          - Loading from cache: /assets/textures/tiledMap.png
21:25:08.082 [FXGL Background Thread 1 ] DEBUG AssetLoader          - Loading from cache: /assets/textures/tiledMap.png
21:25:08.082 [FXGL Background Thread 1 ] DEBUG AssetLoader          - Loading from cache: /assets/textures/tiledMap.png
21:25:08.083 [FXGL Background Thread 1 ] DEBUG AssetLoader          - Loading from cache: /assets/textures/tiledMap.png
21:25:08.083 [FXGL Background Thread 1 ] DEBUG AssetLoader          - Loading from cache: /assets/textures/tiledMap.png
21:25:08.083 [FXGL Background Thread 1 ] DEBUG AssetLoader          - Loading from cache: /assets/textures/tiledMap.png
21:25:08.083 [FXGL Background Thread 1 ] DEBUG AssetLoader          - Loading from cache: /assets/textures/tiledMap.png
21:25:08.083 [FXGL Background Thread 1 ] DEBUG AssetLoader          - Loading from cache: /assets/textures/tiledMap.png
21:25:08.084 [FXGL Background Thread 1 ] DEBUG AssetLoader          - Loading from cache: /assets/textures/tiledMap.png
21:25:08.084 [FXGL Background Thread 1 ] DEBUG AssetLoader          - Loading from cache: /assets/textures/tiledMap.png
21:25:08.084 [FXGL Background Thread 1 ] DEBUG AssetLoader          - Loading from cache: /assets/textures/tiledMap.png
21:25:08.084 [FXGL Background Thread 1 ] DEBUG AssetLoader          - Loading from cache: /assets/textures/tiledMap.png
21:25:08.084 [FXGL Background Thread 1 ] DEBUG AssetLoader          - Loading from cache: /assets/textures/tiledMap.png
21:25:08.085 [FXGL Background Thread 1 ] DEBUG AssetLoader          - Loading from cache: /assets/textures/tiledMap.png
21:25:08.085 [FXGL Background Thread 1 ] DEBUG AssetLoader          - Loading from cache: /assets/textures/tiledMap.png
21:25:08.085 [FXGL Background Thread 1 ] DEBUG AssetLoader          - Loading from cache: /assets/textures/tiledMap.png
21:25:08.085 [FXGL Background Thread 1 ] DEBUG AssetLoader          - Loading from cache: /assets/textures/tiledMap.png
21:25:08.085 [FXGL Background Thread 1 ] DEBUG AssetLoader          - Loading from cache: /assets/textures/tiledMap.png
21:25:08.085 [FXGL Background Thread 1 ] DEBUG AssetLoader          - Loading from cache: /assets/textures/tiledMap.png
21:25:08.085 [FXGL Background Thread 1 ] DEBUG AssetLoader          - Loading from cache: /assets/textures/tiledMap.png
21:25:08.085 [FXGL Background Thread 1 ] DEBUG AssetLoader          - Loading from cache: /assets/textures/tiledMap.png
21:25:08.086 [FXGL Background Thread 1 ] DEBUG AssetLoader          - Loading from cache: /assets/textures/tiledMap.png
21:25:08.086 [FXGL Background Thread 1 ] DEBUG AssetLoader          - Loading from cache: /assets/textures/tiledMap.png
21:25:08.086 [FXGL Background Thread 1 ] DEBUG AssetLoader          - Loading from cache: /assets/textures/tiledMap.png
21:25:08.086 [FXGL Background Thread 1 ] DEBUG AssetLoader          - Loading from cache: /assets/textures/tiledMap.png
21:25:08.088 [FXGL Background Thread 1 ] DEBUG AssetLoader          - Loading from cache: /assets/textures/tiledMap.png
21:25:08.089 [FXGL Background Thread 1 ] DEBUG AssetLoader          - Loading from cache: /assets/textures/tiledMap.png
21:25:08.089 [FXGL Background Thread 1 ] DEBUG AssetLoader          - Loading from cache: /assets/textures/tiledMap.png
21:25:08.089 [FXGL Background Thread 1 ] DEBUG AssetLoader          - Loading from cache: /assets/textures/tiledMap.png
21:25:08.089 [FXGL Background Thread 1 ] DEBUG AssetLoader          - Loading from cache: /assets/textures/tiledMap.png
21:25:08.089 [FXGL Background Thread 1 ] DEBUG AssetLoader          - Loading from cache: /assets/textures/tiledMap.png
21:25:08.089 [FXGL Background Thread 1 ] DEBUG AssetLoader          - Loading from cache: /assets/textures/tiledMap.png
21:25:08.090 [FXGL Background Thread 1 ] DEBUG AssetLoader          - Loading from cache: /assets/textures/tiledMap.png
21:25:08.090 [FXGL Background Thread 1 ] DEBUG AssetLoader          - Loading from cache: /assets/textures/tiledMap.png
21:25:08.090 [FXGL Background Thread 1 ] DEBUG AssetLoader          - Loading from cache: /assets/textures/tiledMap.png
21:25:08.090 [FXGL Background Thread 1 ] DEBUG AssetLoader          - Loading from cache: /assets/textures/tiledMap.png
21:25:08.090 [FXGL Background Thread 1 ] DEBUG AssetLoader          - Loading from cache: /assets/textures/tiledMap.png
21:25:08.090 [FXGL Background Thread 1 ] DEBUG AssetLoader          - Loading from cache: /assets/textures/tiledMap.png
21:25:08.091 [FXGL Background Thread 1 ] DEBUG AssetLoader          - Loading from cache: /assets/textures/tiledMap.png
21:25:08.091 [FXGL Background Thread 1 ] DEBUG AssetLoader          - Loading from cache: /assets/textures/tiledMap.png
21:25:08.091 [FXGL Background Thread 1 ] DEBUG AssetLoader          - Loading from cache: /assets/textures/tiledMap.png
21:25:08.091 [FXGL Background Thread 1 ] DEBUG AssetLoader          - Loading from cache: /assets/textures/tiledMap.png
21:25:08.091 [FXGL Background Thread 1 ] DEBUG AssetLoader          - Loading from cache: /assets/textures/tiledMap.png
21:25:08.092 [FXGL Background Thread 1 ] DEBUG AssetLoader          - Loading from cache: /assets/textures/tiledMap.png
21:25:08.092 [FXGL Background Thread 1 ] DEBUG AssetLoader          - Loading from cache: /assets/textures/tiledMap.png
21:25:08.092 [FXGL Background Thread 1 ] DEBUG AssetLoader          - Loading from cache: /assets/textures/tiledMap.png
21:25:08.092 [FXGL Background Thread 1 ] DEBUG AssetLoader          - Loading from cache: /assets/textures/tiledMap.png
21:25:08.093 [FXGL Background Thread 1 ] DEBUG AssetLoader          - Loading from cache: /assets/textures/tiledMap.png
21:25:08.093 [FXGL Background Thread 1 ] DEBUG AssetLoader          - Loading from cache: /assets/textures/tiledMap.png
21:25:08.093 [FXGL Background Thread 1 ] DEBUG AssetLoader          - Loading from cache: /assets/textures/tiledMap.png
21:25:08.093 [FXGL Background Thread 1 ] DEBUG AssetLoader          - Loading from cache: /assets/textures/tiledMap.png
21:25:08.094 [FXGL Background Thread 1 ] DEBUG AssetLoader          - Loading from cache: /assets/textures/tiledMap.png
21:25:08.094 [FXGL Background Thread 1 ] DEBUG AssetLoader          - Loading from cache: /assets/textures/tiledMap.png
21:25:08.094 [FXGL Background Thread 1 ] DEBUG AssetLoader          - Loading from cache: /assets/textures/tiledMap.png
21:25:08.094 [FXGL Background Thread 1 ] DEBUG AssetLoader          - Loading from cache: /assets/textures/tiledMap.png
21:25:08.094 [FXGL Background Thread 1 ] DEBUG AssetLoader          - Loading from cache: /assets/textures/tiledMap.png
21:25:08.094 [FXGL Background Thread 1 ] DEBUG AssetLoader          - Loading from cache: /assets/textures/tiledMap.png
21:25:08.095 [FXGL Background Thread 1 ] DEBUG AssetLoader          - Loading from cache: /assets/textures/tiledMap.png
21:25:08.095 [FXGL Background Thread 1 ] DEBUG AssetLoader          - Loading from cache: /assets/textures/tiledMap.png
21:25:08.095 [FXGL Background Thread 1 ] DEBUG AssetLoader          - Loading from cache: /assets/textures/tiledMap.png
21:25:08.095 [FXGL Background Thread 1 ] DEBUG AssetLoader          - Loading from cache: /assets/textures/tiledMap.png
21:25:08.095 [FXGL Background Thread 1 ] DEBUG AssetLoader          - Loading from cache: /assets/textures/tiledMap.png
21:25:08.095 [FXGL Background Thread 1 ] DEBUG AssetLoader          - Loading from cache: /assets/textures/tiledMap.png
21:25:08.095 [FXGL Background Thread 1 ] DEBUG AssetLoader          - Loading from cache: /assets/textures/tiledMap.png
21:25:08.095 [FXGL Background Thread 1 ] DEBUG AssetLoader          - Loading from cache: /assets/textures/tiledMap.png
21:25:08.096 [FXGL Background Thread 1 ] DEBUG AssetLoader          - Loading from cache: /assets/textures/tiledMap.png
21:25:08.096 [FXGL Background Thread 1 ] DEBUG AssetLoader          - Loading from cache: /assets/textures/tiledMap.png
21:25:08.096 [FXGL Background Thread 1 ] DEBUG AssetLoader          - Loading from cache: /assets/textures/tiledMap.png
21:25:08.096 [FXGL Background Thread 1 ] DEBUG AssetLoader          - Loading from cache: /assets/textures/tiledMap.png
21:25:08.096 [FXGL Background Thread 1 ] DEBUG AssetLoader          - Loading from cache: /assets/textures/tiledMap.png
21:25:08.100 [FXGL Background Thread 1 ] DEBUG FXGL.GameScene       - Creating render group for layer: BACKGROUND(1000)
21:25:08.173 [FXGL Background Thread 1 ] DEBUG FXGL.GameScene       - Creating render group for layer: TOP(2147483647)
21:25:08.251 [FXGL Background Thread 1 ] DEBUG InitAppTask          - Initializing Physics
21:25:08.252 [FXGL Background Thread 1 ] DEBUG InitAppTask          - Initializing UI
21:25:08.252 [FXGL Background Thread 1 ] DEBUG InitAppTask          - Initialization Complete
21:25:08.252 [FXGL Background Thread 1 ] INFO  InitAppTask          - Game initialization took: 0.758 sec
21:25:08.255 [JavaFX Application Thread] DEBUG Input                - Clearing active input actions
21:25:08.255 [JavaFX Application Thread] DEBUG AppStateMachine      - LoadingState -> PlayState
21:25:11.846 [JavaFX Application Thread] DEBUG GameApplication      - Exiting game application
21:25:11.849 [JavaFX Application Thread] DEBUG GameApplication      - Shutting down background threads
21:25:11.850 [JavaFX Application Thread] DEBUG GameApplication      - Exiting FXGL
21:25:11.850 [JavaFX Application Thread] DEBUG FXGL                 - Saving FXGL system data
21:25:11.853 [JavaFX Application Thread] DEBUG IOTask               - Executing task: writeDataTask(system/fxgl.bundle)
21:25:11.857 [JavaFX Application Thread] DEBUG FS                   - Writing to: system/fxgl.bundle
21:25:11.862 [JavaFX Application Thread] DEBUG IOTask               - Task succeeded: writeDataTask(system/fxgl.bundle)
21:25:11.862 [JavaFX Application Thread] DEBUG GameApplication      - Closing logger and exiting JavaFX
