17:32:36.470 [JavaFX Application Thread] DEBUG GameApplication      - Logger initialized
17:32:36.478 [JavaFX Application Thread] DEBUG MainWindow           - Creating a JavaFX scene
17:32:36.589 [JavaFX Application Thread] DEBUG MainWindow           - Target settings size: 1050.0 x 700.0
17:32:36.589 [JavaFX Application Thread] DEBUG MainWindow           - Scaled scene size:    1050.0 x 700.0
17:32:36.589 [JavaFX Application Thread] DEBUG MainWindow           - Scaled ratio: (1.0, 1.0)
17:32:37.037 [JavaFX Application Thread] DEBUG GameApplication      - Starting FXGL
17:32:37.037 [JavaFX Application Thread] INFO  Version              - FXGL-0.4.1
17:32:37.037 [JavaFX Application Thread] INFO  Version              - Source code and latest versions at: https://github.com/AlmasB/FXGL
17:32:37.038 [JavaFX Application Thread] INFO  Version              -              Join the FXGL chat at: https://gitter.im/AlmasB/FXGL
17:32:37.149 [FXGL Launcher Thread     ] DEBUG FXGL                 - Loading FXGL system data
17:32:37.172 [FXGL Launcher Thread     ] DEBUG IOTask               - Executing task: readDataTask(system/fxgl.bundle)
17:32:37.196 [FXGL Launcher Thread     ] DEBUG FS                   - Reading from: system/fxgl.bundle
17:32:37.212 [FXGL Launcher Thread     ] DEBUG IOTask               - Task succeeded: readDataTask(system/fxgl.bundle)
17:32:37.213 [FXGL Launcher Thread     ] DEBUG Bundle               - Logging bundle: FXGL
17:32:37.214 [FXGL Launcher Thread     ] DEBUG Bundle               - FXGL.offline.timer.version.check=2018-02-02T12:28:21.879
17:32:37.215 [FXGL Launcher Thread     ] DEBUG GameApplication      - FXGL configuration complete
17:32:37.217 [FXGL Launcher Thread     ] INFO  GameApplication      - FXGL configuration took:  0.177 sec
17:32:37.218 [FXGL Launcher Thread     ] DEBUG GameApplication      - Logging game settings
Title: TiledMapPlatformer
Version: 
Width: 1050
Height: 700
Fullscreen: true
Intro: false
Menus: false
Profiling: false
Single step:false
App Mode: DEVELOPER
Menu Key: ESCAPE
Stage Style: DECORATED
Scene Factory: class com.almasb.fxgl.scene.SceneFactory
Dialog Factory: class com.almasb.fxgl.ui.FXGLDialogFactory
UI Factory: class com.almasb.fxgl.ui.FXGLUIFactory
Notification Service: class com.almasb.fxgl.gameplay.notification.XboxNotificationView
Exception Handler: class com.almasb.fxgl.app.FXGLExceptionHandler
17:32:37.239 [FXGL Launcher Thread     ] DEBUG GameApplication      - Configuring GameApplication
17:32:37.250 [FXGL Launcher Thread     ] DEBUG AppStateMachine      - Initializing application states
17:32:37.285 [FXGL Launcher Thread     ] DEBUG AssetLoader          - Loading from disk: /assets/ui/cursors/fxgl_default.png
17:32:37.331 [FXGL Launcher Thread     ] DEBUG AssetLoader          - Loading from disk: /assets/ui/cursors/fxgl_default.png
17:32:37.355 [FXGL Launcher Thread     ] DEBUG AssetLoader          - Loading from disk: /assets/sounds/core/notification.wav
17:32:37.442 [FXGL Launcher Thread     ] DEBUG AssetLoader          - Loading from disk: /assets/sounds/menu/select.wav
17:32:37.443 [FXGL Launcher Thread     ] DEBUG AssetLoader          - Loading from disk: /assets/sounds/menu/back.wav
17:32:37.445 [FXGL Launcher Thread     ] DEBUG AssetLoader          - Loading from disk: /assets/sounds/menu/press.wav
17:32:37.447 [FXGL Launcher Thread     ] DEBUG AssetLoader          - Loading from disk: /assets/ui/fonts/VarelaRound-Regular.ttf
17:32:37.466 [FXGL Launcher Thread     ] DEBUG AssetLoader          - Loading from disk: /assets/ui/fonts/lucida_console.ttf
17:32:37.470 [FXGL Launcher Thread     ] DEBUG AssetLoader          - Loading from disk: /assets/ui/css/fxgl_dark.css
17:32:37.471 [FXGL Launcher Thread     ] DEBUG AssetLoader          - Loading from disk: /assets/ui/icons/fxgl_icon.png
17:32:37.496 [FXGL Launcher Thread     ] DEBUG AssetLoader          - Loading from disk: /assets/ui/cursors/fxgl_default.png
17:32:37.524 [FXGL Launcher Thread     ] DEBUG FXGL.GameScene       - Game scene initialized: 1050x700
17:32:37.527 [FXGL Launcher Thread     ] DEBUG FXGL.GameWorld       - Game world initialized
17:32:37.584 [FXGL Launcher Thread     ] DEBUG FXGL.PhysicsWorld    - Physics world initialized: appHeight=700, physics.ppm=50.0
17:32:37.610 [FXGL Launcher Thread     ] DEBUG Input                - Registered new binding: Pause - Esc
17:32:37.630 [FXGL Launcher Thread     ] INFO  GameApplication      - Game configuration took:  0.390 sec
17:32:37.634 [JavaFX Application Thread] DEBUG MainWindow           - Opening main window
17:32:37.709 [JavaFX Application Thread] DEBUG MainWindow           - Window border size: (0.0, 22.0)
17:32:37.709 [JavaFX Application Thread] DEBUG MainWindow           - Scaled size: 1050.0 x 700.0
17:32:37.709 [JavaFX Application Thread] DEBUG MainWindow           - Scaled ratio: (1.0, 1.0)
17:32:37.709 [JavaFX Application Thread] DEBUG MainWindow           - Scene size: 1050.0 x 700.0
17:32:37.710 [JavaFX Application Thread] DEBUG MainWindow           - Stage size: 1050.0 x 722.0
17:32:37.710 [JavaFX Application Thread] DEBUG GameApplication      - Running preInit()
17:32:37.712 [JavaFX Application Thread] DEBUG AnnotationParser     - Main app package name: tiled_platformer
17:32:37.836 [JavaFX Application Thread] DEBUG AnnotationParser     - @SetAchievementStore: []
17:32:37.838 [JavaFX Application Thread] DEBUG Input                - Registered new binding: Screenshot - P
17:32:37.838 [JavaFX Application Thread] DEBUG Input                - Registered new binding: Dev Options - CTRL+0
17:32:37.839 [JavaFX Application Thread] DEBUG Input                - Registered new binding: left - Left
17:32:37.839 [JavaFX Application Thread] DEBUG Input                - Registered new binding: right - Right
17:32:37.839 [JavaFX Application Thread] DEBUG Input                - Registered new binding: up - Up
17:32:37.883 [JavaFX Application Thread] DEBUG GameApplication      - Starting main loop
17:32:37.917 [JavaFX Application Thread] DEBUG StartupState         - STARTUP
17:32:37.917 [JavaFX Application Thread] DEBUG GameApplication      - Starting new game
17:32:37.917 [JavaFX Application Thread] DEBUG Input                - Clearing active input actions
17:32:37.917 [JavaFX Application Thread] DEBUG AppStateMachine      - StartupState -> LoadingState
17:32:37.956 [JavaFX Application Thread] DEBUG AnnotationParser     - Main app package name: tiled_platformer
17:32:37.956 [JavaFX Application Thread] DEBUG InitAppTask          - Parsing annotations
17:32:37.980 [JavaFX Application Thread] DEBUG AnnotationParser     - @SetEntityFactory: [TiledPlatformerFactory]
17:32:37.980 [JavaFX Application Thread] DEBUG AnnotationParser     - @AddCollisionHandler: []
17:32:37.980 [JavaFX Application Thread] DEBUG AnnotationParser     - @SetEventHandler: []
17:32:37.989 [FXGL Background Thread 1 ] DEBUG InitAppTask          - Clearing previous game
17:32:37.989 [FXGL Background Thread 1 ] DEBUG FXGL.GameWorld       - Clearing game world
17:32:37.990 [FXGL Background Thread 1 ] DEBUG FXGL.PhysicsWorld    - Clearing physics world
17:32:37.991 [FXGL Background Thread 1 ] DEBUG FXGL.GameScene       - Clearing game scene
17:32:37.991 [FXGL Background Thread 1 ] DEBUG InitAppTask          - Initializing Assets
17:32:37.992 [FXGL Background Thread 1 ] DEBUG InitAppTask          - Initializing Game
17:32:38.016 [FXGL Background Thread 1 ] DEBUG AssetLoader          - Loading from disk: /assets/json/NinjaPlatformerLevel3.json
17:32:38.348 [FXGL Background Thread 1 ] DEBUG FXGL.GameWorld       - Clearing removable entities
17:32:38.348 [FXGL Background Thread 1 ] DEBUG FXGL.GameWorld       - Setting level from map
17:32:38.390 [FXGL Background Thread 1 ] DEBUG AssetLoader          - Loading from disk: /assets/textures/tiledMap.png
17:32:38.430 [FXGL Background Thread 1 ] DEBUG AssetLoader          - Loading from cache: /assets/textures/tiledMap.png
17:32:38.430 [FXGL Background Thread 1 ] DEBUG AssetLoader          - Loading from cache: /assets/textures/tiledMap.png
17:32:38.430 [FXGL Background Thread 1 ] DEBUG AssetLoader          - Loading from cache: /assets/textures/tiledMap.png
17:32:38.430 [FXGL Background Thread 1 ] DEBUG AssetLoader          - Loading from cache: /assets/textures/tiledMap.png
17:32:38.430 [FXGL Background Thread 1 ] DEBUG AssetLoader          - Loading from cache: /assets/textures/tiledMap.png
17:32:38.431 [FXGL Background Thread 1 ] DEBUG AssetLoader          - Loading from cache: /assets/textures/tiledMap.png
17:32:38.431 [FXGL Background Thread 1 ] DEBUG AssetLoader          - Loading from cache: /assets/textures/tiledMap.png
17:32:38.431 [FXGL Background Thread 1 ] DEBUG AssetLoader          - Loading from cache: /assets/textures/tiledMap.png
17:32:38.431 [FXGL Background Thread 1 ] DEBUG AssetLoader          - Loading from cache: /assets/textures/tiledMap.png
17:32:38.431 [FXGL Background Thread 1 ] DEBUG AssetLoader          - Loading from cache: /assets/textures/tiledMap.png
17:32:38.431 [FXGL Background Thread 1 ] DEBUG AssetLoader          - Loading from cache: /assets/textures/tiledMap.png
17:32:38.432 [FXGL Background Thread 1 ] DEBUG AssetLoader          - Loading from cache: /assets/textures/tiledMap.png
17:32:38.432 [FXGL Background Thread 1 ] DEBUG AssetLoader          - Loading from cache: /assets/textures/tiledMap.png
17:32:38.432 [FXGL Background Thread 1 ] DEBUG AssetLoader          - Loading from cache: /assets/textures/tiledMap.png
17:32:38.432 [FXGL Background Thread 1 ] DEBUG AssetLoader          - Loading from cache: /assets/textures/tiledMap.png
17:32:38.432 [FXGL Background Thread 1 ] DEBUG AssetLoader          - Loading from cache: /assets/textures/tiledMap.png
17:32:38.432 [FXGL Background Thread 1 ] DEBUG AssetLoader          - Loading from cache: /assets/textures/tiledMap.png
17:32:38.432 [FXGL Background Thread 1 ] DEBUG AssetLoader          - Loading from cache: /assets/textures/tiledMap.png
17:32:38.433 [FXGL Background Thread 1 ] DEBUG AssetLoader          - Loading from cache: /assets/textures/tiledMap.png
17:32:38.433 [FXGL Background Thread 1 ] DEBUG AssetLoader          - Loading from cache: /assets/textures/tiledMap.png
17:32:38.433 [FXGL Background Thread 1 ] DEBUG AssetLoader          - Loading from cache: /assets/textures/tiledMap.png
17:32:38.433 [FXGL Background Thread 1 ] DEBUG AssetLoader          - Loading from cache: /assets/textures/tiledMap.png
17:32:38.433 [FXGL Background Thread 1 ] DEBUG AssetLoader          - Loading from cache: /assets/textures/tiledMap.png
17:32:38.433 [FXGL Background Thread 1 ] DEBUG AssetLoader          - Loading from cache: /assets/textures/tiledMap.png
17:32:38.434 [FXGL Background Thread 1 ] DEBUG AssetLoader          - Loading from cache: /assets/textures/tiledMap.png
17:32:38.434 [FXGL Background Thread 1 ] DEBUG AssetLoader          - Loading from cache: /assets/textures/tiledMap.png
17:32:38.434 [FXGL Background Thread 1 ] DEBUG AssetLoader          - Loading from cache: /assets/textures/tiledMap.png
17:32:38.434 [FXGL Background Thread 1 ] DEBUG AssetLoader          - Loading from cache: /assets/textures/tiledMap.png
17:32:38.434 [FXGL Background Thread 1 ] DEBUG AssetLoader          - Loading from cache: /assets/textures/tiledMap.png
17:32:38.434 [FXGL Background Thread 1 ] DEBUG AssetLoader          - Loading from cache: /assets/textures/tiledMap.png
17:32:38.435 [FXGL Background Thread 1 ] DEBUG AssetLoader          - Loading from cache: /assets/textures/tiledMap.png
17:32:38.435 [FXGL Background Thread 1 ] DEBUG AssetLoader          - Loading from cache: /assets/textures/tiledMap.png
17:32:38.435 [FXGL Background Thread 1 ] DEBUG AssetLoader          - Loading from cache: /assets/textures/tiledMap.png
17:32:38.435 [FXGL Background Thread 1 ] DEBUG AssetLoader          - Loading from cache: /assets/textures/tiledMap.png
17:32:38.435 [FXGL Background Thread 1 ] DEBUG AssetLoader          - Loading from cache: /assets/textures/tiledMap.png
17:32:38.435 [FXGL Background Thread 1 ] DEBUG AssetLoader          - Loading from cache: /assets/textures/tiledMap.png
17:32:38.436 [FXGL Background Thread 1 ] DEBUG AssetLoader          - Loading from cache: /assets/textures/tiledMap.png
17:32:38.436 [FXGL Background Thread 1 ] DEBUG AssetLoader          - Loading from cache: /assets/textures/tiledMap.png
17:32:38.437 [FXGL Background Thread 1 ] DEBUG AssetLoader          - Loading from cache: /assets/textures/tiledMap.png
17:32:38.437 [FXGL Background Thread 1 ] DEBUG AssetLoader          - Loading from cache: /assets/textures/tiledMap.png
17:32:38.437 [FXGL Background Thread 1 ] DEBUG AssetLoader          - Loading from cache: /assets/textures/tiledMap.png
17:32:38.437 [FXGL Background Thread 1 ] DEBUG AssetLoader          - Loading from cache: /assets/textures/tiledMap.png
17:32:38.438 [FXGL Background Thread 1 ] DEBUG AssetLoader          - Loading from cache: /assets/textures/tiledMap.png
17:32:38.438 [FXGL Background Thread 1 ] DEBUG AssetLoader          - Loading from cache: /assets/textures/tiledMap.png
17:32:38.438 [FXGL Background Thread 1 ] DEBUG AssetLoader          - Loading from cache: /assets/textures/tiledMap.png
17:32:38.438 [FXGL Background Thread 1 ] DEBUG AssetLoader          - Loading from cache: /assets/textures/tiledMap.png
17:32:38.439 [FXGL Background Thread 1 ] DEBUG AssetLoader          - Loading from cache: /assets/textures/tiledMap.png
17:32:38.439 [FXGL Background Thread 1 ] DEBUG AssetLoader          - Loading from cache: /assets/textures/tiledMap.png
17:32:38.439 [FXGL Background Thread 1 ] DEBUG AssetLoader          - Loading from cache: /assets/textures/tiledMap.png
17:32:38.439 [FXGL Background Thread 1 ] DEBUG AssetLoader          - Loading from cache: /assets/textures/tiledMap.png
17:32:38.440 [FXGL Background Thread 1 ] DEBUG AssetLoader          - Loading from cache: /assets/textures/tiledMap.png
17:32:38.440 [FXGL Background Thread 1 ] DEBUG AssetLoader          - Loading from cache: /assets/textures/tiledMap.png
17:32:38.440 [FXGL Background Thread 1 ] DEBUG AssetLoader          - Loading from cache: /assets/textures/tiledMap.png
17:32:38.441 [FXGL Background Thread 1 ] DEBUG AssetLoader          - Loading from cache: /assets/textures/tiledMap.png
17:32:38.441 [FXGL Background Thread 1 ] DEBUG AssetLoader          - Loading from cache: /assets/textures/tiledMap.png
17:32:38.441 [FXGL Background Thread 1 ] DEBUG AssetLoader          - Loading from cache: /assets/textures/tiledMap.png
17:32:38.441 [FXGL Background Thread 1 ] DEBUG AssetLoader          - Loading from cache: /assets/textures/tiledMap.png
17:32:38.442 [FXGL Background Thread 1 ] DEBUG AssetLoader          - Loading from cache: /assets/textures/tiledMap.png
17:32:38.442 [FXGL Background Thread 1 ] DEBUG AssetLoader          - Loading from cache: /assets/textures/tiledMap.png
17:32:38.443 [FXGL Background Thread 1 ] DEBUG AssetLoader          - Loading from cache: /assets/textures/tiledMap.png
17:32:38.443 [FXGL Background Thread 1 ] DEBUG AssetLoader          - Loading from cache: /assets/textures/tiledMap.png
17:32:38.443 [FXGL Background Thread 1 ] DEBUG AssetLoader          - Loading from cache: /assets/textures/tiledMap.png
17:32:38.443 [FXGL Background Thread 1 ] DEBUG AssetLoader          - Loading from cache: /assets/textures/tiledMap.png
17:32:38.444 [FXGL Background Thread 1 ] DEBUG AssetLoader          - Loading from cache: /assets/textures/tiledMap.png
17:32:38.444 [FXGL Background Thread 1 ] DEBUG AssetLoader          - Loading from cache: /assets/textures/tiledMap.png
17:32:38.444 [FXGL Background Thread 1 ] DEBUG AssetLoader          - Loading from cache: /assets/textures/tiledMap.png
17:32:38.445 [FXGL Background Thread 1 ] DEBUG AssetLoader          - Loading from cache: /assets/textures/tiledMap.png
17:32:38.445 [FXGL Background Thread 1 ] DEBUG AssetLoader          - Loading from cache: /assets/textures/tiledMap.png
17:32:38.445 [FXGL Background Thread 1 ] DEBUG AssetLoader          - Loading from cache: /assets/textures/tiledMap.png
17:32:38.445 [FXGL Background Thread 1 ] DEBUG AssetLoader          - Loading from cache: /assets/textures/tiledMap.png
17:32:38.445 [FXGL Background Thread 1 ] DEBUG AssetLoader          - Loading from cache: /assets/textures/tiledMap.png
17:32:38.445 [FXGL Background Thread 1 ] DEBUG AssetLoader          - Loading from cache: /assets/textures/tiledMap.png
17:32:38.445 [FXGL Background Thread 1 ] DEBUG AssetLoader          - Loading from cache: /assets/textures/tiledMap.png
17:32:38.446 [FXGL Background Thread 1 ] DEBUG AssetLoader          - Loading from cache: /assets/textures/tiledMap.png
17:32:38.446 [FXGL Background Thread 1 ] DEBUG AssetLoader          - Loading from cache: /assets/textures/tiledMap.png
17:32:38.446 [FXGL Background Thread 1 ] DEBUG AssetLoader          - Loading from cache: /assets/textures/tiledMap.png
17:32:38.446 [FXGL Background Thread 1 ] DEBUG AssetLoader          - Loading from cache: /assets/textures/tiledMap.png
17:32:38.446 [FXGL Background Thread 1 ] DEBUG AssetLoader          - Loading from cache: /assets/textures/tiledMap.png
17:32:38.446 [FXGL Background Thread 1 ] DEBUG AssetLoader          - Loading from cache: /assets/textures/tiledMap.png
17:32:38.446 [FXGL Background Thread 1 ] DEBUG AssetLoader          - Loading from cache: /assets/textures/tiledMap.png
17:32:38.447 [FXGL Background Thread 1 ] DEBUG AssetLoader          - Loading from cache: /assets/textures/tiledMap.png
17:32:38.447 [FXGL Background Thread 1 ] DEBUG AssetLoader          - Loading from cache: /assets/textures/tiledMap.png
17:32:38.447 [FXGL Background Thread 1 ] DEBUG AssetLoader          - Loading from cache: /assets/textures/tiledMap.png
17:32:38.447 [FXGL Background Thread 1 ] DEBUG AssetLoader          - Loading from cache: /assets/textures/tiledMap.png
17:32:38.447 [FXGL Background Thread 1 ] DEBUG AssetLoader          - Loading from cache: /assets/textures/tiledMap.png
17:32:38.447 [FXGL Background Thread 1 ] DEBUG AssetLoader          - Loading from cache: /assets/textures/tiledMap.png
17:32:38.448 [FXGL Background Thread 1 ] DEBUG AssetLoader          - Loading from cache: /assets/textures/tiledMap.png
17:32:38.448 [FXGL Background Thread 1 ] DEBUG AssetLoader          - Loading from cache: /assets/textures/tiledMap.png
17:32:38.448 [FXGL Background Thread 1 ] DEBUG AssetLoader          - Loading from cache: /assets/textures/tiledMap.png
17:32:38.448 [FXGL Background Thread 1 ] DEBUG AssetLoader          - Loading from cache: /assets/textures/tiledMap.png
17:32:38.448 [FXGL Background Thread 1 ] DEBUG AssetLoader          - Loading from cache: /assets/textures/tiledMap.png
17:32:38.448 [FXGL Background Thread 1 ] DEBUG AssetLoader          - Loading from cache: /assets/textures/tiledMap.png
17:32:38.448 [FXGL Background Thread 1 ] DEBUG AssetLoader          - Loading from cache: /assets/textures/tiledMap.png
17:32:38.449 [FXGL Background Thread 1 ] DEBUG AssetLoader          - Loading from cache: /assets/textures/tiledMap.png
17:32:38.449 [FXGL Background Thread 1 ] DEBUG AssetLoader          - Loading from cache: /assets/textures/tiledMap.png
17:32:38.449 [FXGL Background Thread 1 ] DEBUG AssetLoader          - Loading from cache: /assets/textures/tiledMap.png
17:32:38.449 [FXGL Background Thread 1 ] DEBUG AssetLoader          - Loading from cache: /assets/textures/tiledMap.png
17:32:38.449 [FXGL Background Thread 1 ] DEBUG AssetLoader          - Loading from cache: /assets/textures/tiledMap.png
17:32:38.449 [FXGL Background Thread 1 ] DEBUG AssetLoader          - Loading from cache: /assets/textures/tiledMap.png
17:32:38.449 [FXGL Background Thread 1 ] DEBUG AssetLoader          - Loading from cache: /assets/textures/tiledMap.png
17:32:38.450 [FXGL Background Thread 1 ] DEBUG AssetLoader          - Loading from cache: /assets/textures/tiledMap.png
17:32:38.450 [FXGL Background Thread 1 ] DEBUG AssetLoader          - Loading from cache: /assets/textures/tiledMap.png
17:32:38.450 [FXGL Background Thread 1 ] DEBUG AssetLoader          - Loading from cache: /assets/textures/tiledMap.png
17:32:38.450 [FXGL Background Thread 1 ] DEBUG AssetLoader          - Loading from cache: /assets/textures/tiledMap.png
17:32:38.450 [FXGL Background Thread 1 ] DEBUG AssetLoader          - Loading from cache: /assets/textures/tiledMap.png
17:32:38.450 [FXGL Background Thread 1 ] DEBUG AssetLoader          - Loading from cache: /assets/textures/tiledMap.png
17:32:38.450 [FXGL Background Thread 1 ] DEBUG AssetLoader          - Loading from cache: /assets/textures/tiledMap.png
17:32:38.451 [FXGL Background Thread 1 ] DEBUG AssetLoader          - Loading from cache: /assets/textures/tiledMap.png
17:32:38.451 [FXGL Background Thread 1 ] DEBUG AssetLoader          - Loading from cache: /assets/textures/tiledMap.png
17:32:38.451 [FXGL Background Thread 1 ] DEBUG AssetLoader          - Loading from cache: /assets/textures/tiledMap.png
17:32:38.451 [FXGL Background Thread 1 ] DEBUG AssetLoader          - Loading from cache: /assets/textures/tiledMap.png
17:32:38.451 [FXGL Background Thread 1 ] DEBUG AssetLoader          - Loading from cache: /assets/textures/tiledMap.png
17:32:38.451 [FXGL Background Thread 1 ] DEBUG AssetLoader          - Loading from cache: /assets/textures/tiledMap.png
17:32:38.451 [FXGL Background Thread 1 ] DEBUG AssetLoader          - Loading from cache: /assets/textures/tiledMap.png
17:32:38.452 [FXGL Background Thread 1 ] DEBUG AssetLoader          - Loading from cache: /assets/textures/tiledMap.png
17:32:38.452 [FXGL Background Thread 1 ] DEBUG AssetLoader          - Loading from cache: /assets/textures/tiledMap.png
17:32:38.452 [FXGL Background Thread 1 ] DEBUG AssetLoader          - Loading from cache: /assets/textures/tiledMap.png
17:32:38.452 [FXGL Background Thread 1 ] DEBUG AssetLoader          - Loading from cache: /assets/textures/tiledMap.png
17:32:38.453 [FXGL Background Thread 1 ] DEBUG AssetLoader          - Loading from cache: /assets/textures/tiledMap.png
17:32:38.453 [FXGL Background Thread 1 ] DEBUG AssetLoader          - Loading from cache: /assets/textures/tiledMap.png
17:32:38.453 [FXGL Background Thread 1 ] DEBUG AssetLoader          - Loading from cache: /assets/textures/tiledMap.png
17:32:38.453 [FXGL Background Thread 1 ] DEBUG AssetLoader          - Loading from cache: /assets/textures/tiledMap.png
17:32:38.454 [FXGL Background Thread 1 ] DEBUG AssetLoader          - Loading from cache: /assets/textures/tiledMap.png
17:32:38.454 [FXGL Background Thread 1 ] DEBUG AssetLoader          - Loading from cache: /assets/textures/tiledMap.png
17:32:38.454 [FXGL Background Thread 1 ] DEBUG AssetLoader          - Loading from cache: /assets/textures/tiledMap.png
17:32:38.454 [FXGL Background Thread 1 ] DEBUG AssetLoader          - Loading from cache: /assets/textures/tiledMap.png
17:32:38.455 [FXGL Background Thread 1 ] DEBUG AssetLoader          - Loading from cache: /assets/textures/tiledMap.png
17:32:38.455 [FXGL Background Thread 1 ] DEBUG AssetLoader          - Loading from cache: /assets/textures/tiledMap.png
17:32:38.455 [FXGL Background Thread 1 ] DEBUG AssetLoader          - Loading from cache: /assets/textures/tiledMap.png
17:32:38.455 [FXGL Background Thread 1 ] DEBUG AssetLoader          - Loading from cache: /assets/textures/tiledMap.png
17:32:38.455 [FXGL Background Thread 1 ] DEBUG AssetLoader          - Loading from cache: /assets/textures/tiledMap.png
17:32:38.455 [FXGL Background Thread 1 ] DEBUG AssetLoader          - Loading from cache: /assets/textures/tiledMap.png
17:32:38.455 [FXGL Background Thread 1 ] DEBUG AssetLoader          - Loading from cache: /assets/textures/tiledMap.png
17:32:38.456 [FXGL Background Thread 1 ] DEBUG AssetLoader          - Loading from cache: /assets/textures/tiledMap.png
17:32:38.456 [FXGL Background Thread 1 ] DEBUG AssetLoader          - Loading from cache: /assets/textures/tiledMap.png
17:32:38.456 [FXGL Background Thread 1 ] DEBUG AssetLoader          - Loading from cache: /assets/textures/tiledMap.png
17:32:38.456 [FXGL Background Thread 1 ] DEBUG AssetLoader          - Loading from cache: /assets/textures/tiledMap.png
17:32:38.456 [FXGL Background Thread 1 ] DEBUG AssetLoader          - Loading from cache: /assets/textures/tiledMap.png
17:32:38.456 [FXGL Background Thread 1 ] DEBUG AssetLoader          - Loading from cache: /assets/textures/tiledMap.png
17:32:38.456 [FXGL Background Thread 1 ] DEBUG AssetLoader          - Loading from cache: /assets/textures/tiledMap.png
17:32:38.457 [FXGL Background Thread 1 ] DEBUG AssetLoader          - Loading from cache: /assets/textures/tiledMap.png
17:32:38.457 [FXGL Background Thread 1 ] DEBUG AssetLoader          - Loading from cache: /assets/textures/tiledMap.png
17:32:38.457 [FXGL Background Thread 1 ] DEBUG AssetLoader          - Loading from cache: /assets/textures/tiledMap.png
17:32:38.457 [FXGL Background Thread 1 ] DEBUG AssetLoader          - Loading from cache: /assets/textures/tiledMap.png
17:32:38.457 [FXGL Background Thread 1 ] DEBUG AssetLoader          - Loading from cache: /assets/textures/tiledMap.png
17:32:38.457 [FXGL Background Thread 1 ] DEBUG AssetLoader          - Loading from cache: /assets/textures/tiledMap.png
17:32:38.457 [FXGL Background Thread 1 ] DEBUG AssetLoader          - Loading from cache: /assets/textures/tiledMap.png
17:32:38.457 [FXGL Background Thread 1 ] DEBUG AssetLoader          - Loading from cache: /assets/textures/tiledMap.png
17:32:38.457 [FXGL Background Thread 1 ] DEBUG AssetLoader          - Loading from cache: /assets/textures/tiledMap.png
17:32:38.458 [FXGL Background Thread 1 ] DEBUG AssetLoader          - Loading from cache: /assets/textures/tiledMap.png
17:32:38.458 [FXGL Background Thread 1 ] DEBUG AssetLoader          - Loading from cache: /assets/textures/tiledMap.png
17:32:38.458 [FXGL Background Thread 1 ] DEBUG AssetLoader          - Loading from cache: /assets/textures/tiledMap.png
17:32:38.460 [FXGL Background Thread 1 ] DEBUG FXGL.GameScene       - Creating render group for layer: BACKGROUND(1000)
17:32:38.534 [FXGL Background Thread 1 ] DEBUG FXGL.GameScene       - Creating render group for layer: TOP(2147483647)
17:32:38.624 [FXGL Background Thread 1 ] DEBUG InitAppTask          - Initializing Physics
17:32:38.625 [FXGL Background Thread 1 ] DEBUG InitAppTask          - Initializing UI
17:32:38.626 [FXGL Background Thread 1 ] DEBUG InitAppTask          - Initialization Complete
17:32:38.627 [FXGL Background Thread 1 ] INFO  InitAppTask          - Game initialization took: 0.637 sec
17:32:38.636 [JavaFX Application Thread] DEBUG Input                - Clearing active input actions
17:32:38.637 [JavaFX Application Thread] DEBUG AppStateMachine      - LoadingState -> PlayState
17:32:42.956 [JavaFX Application Thread] DEBUG Input                - Mocking key release: Up
17:32:43.489 [JavaFX Application Thread] DEBUG Input                - Mocking key release: Up
17:32:44.373 [JavaFX Application Thread] DEBUG Input                - Mocking key release: Up
17:32:45.157 [JavaFX Application Thread] DEBUG Input                - Mocking key release: Up
17:32:46.291 [JavaFX Application Thread] DEBUG Input                - Mocking key release: Up
17:32:47.491 [JavaFX Application Thread] DEBUG Input                - Mocking key release: Up
17:33:00.866 [JavaFX Application Thread] DEBUG Input                - Mocking key release: Up
17:33:02.081 [JavaFX Application Thread] DEBUG Input                - Mocking key release: Up
17:33:07.383 [JavaFX Application Thread] DEBUG Input                - Mocking key release: Up
17:33:08.085 [JavaFX Application Thread] DEBUG Input                - Mocking key release: Up
17:33:11.274 [JavaFX Application Thread] DEBUG GameApplication      - Exiting game application
17:33:11.276 [JavaFX Application Thread] DEBUG GameApplication      - Shutting down background threads
17:33:11.276 [JavaFX Application Thread] DEBUG GameApplication      - Exiting FXGL
17:33:11.276 [JavaFX Application Thread] DEBUG FXGL                 - Saving FXGL system data
17:33:11.278 [JavaFX Application Thread] DEBUG IOTask               - Executing task: writeDataTask(system/fxgl.bundle)
17:33:11.280 [JavaFX Application Thread] DEBUG FS                   - Writing to: system/fxgl.bundle
17:33:11.284 [JavaFX Application Thread] DEBUG IOTask               - Task succeeded: writeDataTask(system/fxgl.bundle)
17:33:11.284 [JavaFX Application Thread] DEBUG GameApplication      - Closing logger and exiting JavaFX
